Using pre-set license
Built from '2020.3/staging' branch; Version is '2020.3.26f1 (7298b473bc1a) revision 7510196'; Using compiler version '192528614'; Build Type 'Release'
OS: 'Windows 10  (10.0.19043) 64bit Professional' Language: 'tr' Physical Memory: 16125 MB
BatchMode: 1, IsHumanControllingUs: 0, StartBugReporterOnCrash: 0, Is64bit: 1, IsPro: 0

COMMAND LINE ARGUMENTS:
C:\Program Files\Unity\Hub\Editor\2020.3.26f1\Editor\Unity.exe
-adb2
-batchMode
-noUpm
-name
AssetImportWorker0
-projectPath
C:/Users/emre/Desktop/Team45/OUAUnityTakim45/My project
-logFile
Logs/AssetImportWorker0.log
-srvPort
63316
Successfully changed project path to: C:/Users/emre/Desktop/Team45/OUAUnityTakim45/My project
C:/Users/emre/Desktop/Team45/OUAUnityTakim45/My project
Using Asset Import Pipeline V2.
Refreshing native plugins compatible for Editor in 190.90 ms, found 7 plugins.
Preloading 1 native plugins for Editor in 2.29 ms.
Initialize engine version: 2020.3.26f1 (7298b473bc1a)
[Subsystems] Discovering subsystems at path C:/Program Files/Unity/Hub/Editor/2020.3.26f1/Editor/Data/Resources/UnitySubsystems
[Subsystems] Discovering subsystems at path C:/Users/emre/Desktop/Team45/OUAUnityTakim45/My project/Assets
GfxDevice: creating device client; threaded=0
Direct3D:
    Version:  Direct3D 11.0 [level 11.1]
    Renderer: NVIDIA GeForce RTX 3060 Laptop GPU (ID=0x2520)
    Vendor:   
    VRAM:     6023 MB
    Driver:   30.0.15.1295
Initialize mono
Mono path[0] = 'C:/Program Files/Unity/Hub/Editor/2020.3.26f1/Editor/Data/Managed'
Mono path[1] = 'C:/Program Files/Unity/Hub/Editor/2020.3.26f1/Editor/Data/MonoBleedingEdge/lib/mono/unityjit'
Mono config path = 'C:/Program Files/Unity/Hub/Editor/2020.3.26f1/Editor/Data/MonoBleedingEdge/etc'
Using monoOptions --debugger-agent=transport=dt_socket,embedding=1,server=y,suspend=n,address=127.0.0.1:56464
Begin MonoManager ReloadAssembly
Registering precompiled unity dll's ...
Register platform support module: C:/Program Files/Unity/Hub/Editor/2020.3.26f1/Editor/Data/PlaybackEngines/WindowsStandaloneSupport/UnityEditor.WindowsStandalone.Extensions.dll
Registered in 0.002612 seconds.
Native extension for WindowsStandalone target not found
Refreshing native plugins compatible for Editor in 228.56 ms, found 7 plugins.
Preloading 1 native plugins for Editor in 0.16 ms.
Mono: successfully reloaded assembly
- Completed reload, in  1.165 seconds
Domain Reload Profiling:
	ReloadAssembly (1166ms)
		BeginReloadAssembly (89ms)
			ExecutionOrderSort (0ms)
			DisableScriptedObjects (0ms)
			BackupInstance (0ms)
			ReleaseScriptingObjects (0ms)
			CreateAndSetChildDomain (1ms)
		EndReloadAssembly (961ms)
			LoadAssemblies (87ms)
			RebuildTransferFunctionScriptingTraits (0ms)
			SetupTypeCache (258ms)
			ReleaseScriptCaches (0ms)
			RebuildScriptCaches (54ms)
			SetupLoadedEditorAssemblies (449ms)
				LogAssemblyErrors (0ms)
				InitializePlatformSupportModulesInManaged (7ms)
				SetLoadedEditorAssemblies (0ms)
				RefreshPlugins (229ms)
				BeforeProcessingInitializeOnLoad (28ms)
				ProcessInitializeOnLoadAttributes (142ms)
				ProcessInitializeOnLoadMethodAttributes (42ms)
				AfterProcessingInitializeOnLoad (0ms)
				EditorAssembliesLoaded (0ms)
			ExecutionOrderSort2 (0ms)
			AwakeInstancesAfterBackupRestoration (0ms)
Platform modules already initialized, skipping
Registering precompiled user dll's ...
Registered in 0.009984 seconds.
Begin MonoManager ReloadAssembly
Symbol file LoadedFromMemory doesn't match image C:\Users\emre\Desktop\Team45\OUAUnityTakim45\My project\Library\PackageCache\com.unity.visualscripting@1.7.2\Editor\VisualScripting.Core\Dependencies\YamlDotNet\Unity.VisualScripting.YamlDotNet.dll
Symbol file LoadedFromMemory doesn't match image C:\Users\emre\Desktop\Team45\OUAUnityTakim45\My project\Library\PackageCache\com.unity.visualscripting@1.7.2\Editor\VisualScripting.Core\Dependencies\DotNetZip\Unity.VisualScripting.IonicZip.dll
Native extension for WindowsStandalone target not found
Refreshing native plugins compatible for Editor in 242.50 ms, found 7 plugins.
Preloading 1 native plugins for Editor in 0.30 ms.
Mono: successfully reloaded assembly
- Completed reload, in  2.539 seconds
Domain Reload Profiling:
	ReloadAssembly (2541ms)
		BeginReloadAssembly (243ms)
			ExecutionOrderSort (0ms)
			DisableScriptedObjects (9ms)
			BackupInstance (0ms)
			ReleaseScriptingObjects (0ms)
			CreateAndSetChildDomain (25ms)
		EndReloadAssembly (2206ms)
			LoadAssemblies (186ms)
			RebuildTransferFunctionScriptingTraits (0ms)
			SetupTypeCache (637ms)
			ReleaseScriptCaches (1ms)
			RebuildScriptCaches (127ms)
			SetupLoadedEditorAssemblies (989ms)
				LogAssemblyErrors (0ms)
				InitializePlatformSupportModulesInManaged (11ms)
				SetLoadedEditorAssemblies (0ms)
				RefreshPlugins (243ms)
				BeforeProcessingInitializeOnLoad (190ms)
				ProcessInitializeOnLoadAttributes (514ms)
				ProcessInitializeOnLoadMethodAttributes (19ms)
				AfterProcessingInitializeOnLoad (11ms)
				EditorAssembliesLoaded (0ms)
			ExecutionOrderSort2 (0ms)
			AwakeInstancesAfterBackupRestoration (9ms)
Platform modules already initialized, skipping
========================================================================
Worker process is ready to serve import requests
Launched and connected shader compiler UnityShaderCompiler.exe after 0.12 seconds
Refreshing native plugins compatible for Editor in 2.28 ms, found 7 plugins.
Preloading 1 native plugins for Editor in 0.17 ms.
Unloading 4153 Unused Serialized files (Serialized files now loaded: 0)
System memory in use before: 147.5 MB.
System memory in use after: 147.7 MB.

Unloading 44 unused Assets to reduce memory usage. Loaded Objects now: 4583.
Total: 8.010700 ms (FindLiveObjects: 0.655100 ms CreateObjectMapping: 0.476600 ms MarkObjects: 6.760800 ms  DeleteObjects: 0.115700 ms)

AssetImportParameters requested are different than current active one (requested -> active):
  custom:framework-win-MediaFoundation: 216162199b28c13a410421893ffa2e32 -> 
  custom:video-decoder-ogg-theora: a1e56fd34408186e4bbccfd4996cb3dc -> 
  custom:container-muxer-webm: aa71ff27fc2769a1b78a27578f13a17b -> 
  custom:container-demuxer-webm: 4f35f7cbe854078d1ac9338744f61a02 -> 
  custom:container-demuxer-ogg: 62fdf1f143b41e24485cea50d1cbac27 -> 
  custom:video-encoder-webm-vp8: eb34c28f22e8b96e1ab97ce403110664 -> 
  custom:video-decoder-webm-vp8: 9c59270c3fd7afecdb556c50c9e8de78 -> 
  custom:audio-decoder-ogg-vorbis: bf7c407c2cedff20999df2af8eb42d56 -> 
  custom:audio-encoder-webm-vorbis: bf7c407c2cedff20999df2af8eb42d56 -> 
========================================================================
Received Import Request.
  path: Assets/Prefab/Egg_Fruit_Pear.prefab
  artifactKey: Guid(eca33a70a92dfa94d88d9a15eb3eabfe) Importer(815301076,1909f56bfc062723c751e8b465ee728b)
Start importing Assets/Prefab/Egg_Fruit_Pear.prefab using Guid(eca33a70a92dfa94d88d9a15eb3eabfe) Importer(815301076,1909f56bfc062723c751e8b465ee728b)  -> (artifact id: '1d2cca96863437066369b2494658deac') in 0.195726 seconds 
  Import took 0.210588 seconds .

========================================================================
Received Import Request.
  Time since last request: 0.000328 seconds.
  path: Assets/Prefab/Coin.prefab
  artifactKey: Guid(7a5d3e92dcddc5443940a1119ab32da1) Importer(815301076,1909f56bfc062723c751e8b465ee728b)
Start importing Assets/Prefab/Coin.prefab using Guid(7a5d3e92dcddc5443940a1119ab32da1) Importer(815301076,1909f56bfc062723c751e8b465ee728b)  -> (artifact id: 'ecf137360d625f2a1d116fb27e453e5f') in 0.041868 seconds 
  Import took 0.066541 seconds .

========================================================================
Received Import Request.
  Time since last request: 0.000408 seconds.
  path: Assets/Prefab/MainCamera.prefab
  artifactKey: Guid(40c874e598fa25d4d9c76fff4575556d) Importer(815301076,1909f56bfc062723c751e8b465ee728b)
Start importing Assets/Prefab/MainCamera.prefab using Guid(40c874e598fa25d4d9c76fff4575556d) Importer(815301076,1909f56bfc062723c751e8b465ee728b)  -> (artifact id: 'ac2e04df3a7dd739b289554f4eb8993e') in 0.024296 seconds 
  Import took 0.035326 seconds .

========================================================================
Received Import Request.
  Time since last request: 0.000333 seconds.
  path: Assets/Prefab/Switcher.prefab
  artifactKey: Guid(67c495b430586bf4393bbff409f83450) Importer(815301076,1909f56bfc062723c751e8b465ee728b)
Start importing Assets/Prefab/Switcher.prefab using Guid(67c495b430586bf4393bbff409f83450) Importer(815301076,1909f56bfc062723c751e8b465ee728b)  -> (artifact id: '33d3f36b205e9e8de418eeaf3a2188dc') in 0.082157 seconds 
  Import took 0.101259 seconds .

========================================================================
Received Import Request.
  Time since last request: 0.000569 seconds.
  path: Assets/Prefab/Fruit_Pear.prefab
  artifactKey: Guid(47581f88f1ac6e649adbecd2fee547ef) Importer(815301076,1909f56bfc062723c751e8b465ee728b)
Start importing Assets/Prefab/Fruit_Pear.prefab using Guid(47581f88f1ac6e649adbecd2fee547ef) Importer(815301076,1909f56bfc062723c751e8b465ee728b)  -> (artifact id: '8424423571eec05f4d7f3a11d60d1674') in 0.034350 seconds 
  Import took 0.055049 seconds .

========================================================================
Received Import Request.
  Time since last request: 0.000364 seconds.
  path: Assets/Prefab/zemin 1 5.prefab
  artifactKey: Guid(8f22acf460d417a4680ff52fd9ad79b3) Importer(815301076,1909f56bfc062723c751e8b465ee728b)
Start importing Assets/Prefab/zemin 1 5.prefab using Guid(8f22acf460d417a4680ff52fd9ad79b3) Importer(815301076,1909f56bfc062723c751e8b465ee728b)  -> (artifact id: '3b258c22227480fde6765f2372cd01c8') in 0.100548 seconds 
  Import took 0.116949 seconds .

========================================================================
Received Import Request.
  Time since last request: 0.000442 seconds.
  path: Assets/Prefab/EggTimer.prefab
  artifactKey: Guid(9b8d7a70d8fbea949811487b04aa596e) Importer(815301076,1909f56bfc062723c751e8b465ee728b)
Start importing Assets/Prefab/EggTimer.prefab using Guid(9b8d7a70d8fbea949811487b04aa596e) Importer(815301076,1909f56bfc062723c751e8b465ee728b)  -> (artifact id: 'f42e1aa1fbb64e5671706316fd173aed') in 0.090710 seconds 
  Import took 0.113396 seconds .

========================================================================
Received Import Request.
  Time since last request: 0.000408 seconds.
  path: Assets/Prefab/EggLife.prefab
  artifactKey: Guid(2adf4022419f02e46bea2909929a7295) Importer(815301076,1909f56bfc062723c751e8b465ee728b)
Start importing Assets/Prefab/EggLife.prefab using Guid(2adf4022419f02e46bea2909929a7295) Importer(815301076,1909f56bfc062723c751e8b465ee728b)  -> (artifact id: 'cbf768afddca07a1e03c05dc78d3b348') in 0.161549 seconds 
  Import took 0.182141 seconds .

========================================================================
Received Import Request.
  Time since last request: 0.000791 seconds.
  path: Assets/Prefab/SoccerGoal.prefab
  artifactKey: Guid(f243f84718ae63b439042f0052aa9420) Importer(815301076,1909f56bfc062723c751e8b465ee728b)
Start importing Assets/Prefab/SoccerGoal.prefab using Guid(f243f84718ae63b439042f0052aa9420) Importer(815301076,1909f56bfc062723c751e8b465ee728b)  -> (artifact id: '3180f7c6658ac63a250a4a1b764b6edf') in 0.063238 seconds 
  Import took 0.087082 seconds .

========================================================================
Received Import Request.
  Time since last request: 0.000282 seconds.
  path: Assets/Prefab/Egg_Fruit_Orange.prefab
  artifactKey: Guid(7c00e1aa965f8994791e3bf7d55d5404) Importer(815301076,1909f56bfc062723c751e8b465ee728b)
Start importing Assets/Prefab/Egg_Fruit_Orange.prefab using Guid(7c00e1aa965f8994791e3bf7d55d5404) Importer(815301076,1909f56bfc062723c751e8b465ee728b)  -> (artifact id: '0290f1c1cd5c2a2c7eb9f5457ab30772') in 0.038166 seconds 
  Import took 0.057047 seconds .

========================================================================
Received Import Request.
  Time since last request: 0.000524 seconds.
  path: Assets/Prefab/EggInvincible.prefab
  artifactKey: Guid(2918743ea337e544f99c9cced81ed592) Importer(815301076,1909f56bfc062723c751e8b465ee728b)
Start importing Assets/Prefab/EggInvincible.prefab using Guid(2918743ea337e544f99c9cced81ed592) Importer(815301076,1909f56bfc062723c751e8b465ee728b)  -> (artifact id: '663f0e96b47bf60391fd4ef63e08b1d3') in 0.204835 seconds 
  Import took 0.229743 seconds .

========================================================================
Received Import Request.
  Time since last request: 0.000728 seconds.
  path: Assets/Prefab/Ground 1 4.prefab
  artifactKey: Guid(b93aa2595ed266f48822abc59f91b0c3) Importer(815301076,1909f56bfc062723c751e8b465ee728b)
Start importing Assets/Prefab/Ground 1 4.prefab using Guid(b93aa2595ed266f48822abc59f91b0c3) Importer(815301076,1909f56bfc062723c751e8b465ee728b)  -> (artifact id: 'e3f8fcf0c0b4b8bfe7a48ce0eaab023d') in 0.143570 seconds 
  Import took 0.171530 seconds .

========================================================================
Received Import Request.
  Time since last request: 0.000472 seconds.
  path: Assets/Prefab/Egg_Fruit_Apple.prefab
  artifactKey: Guid(aa2a7197f38a3024ba87bc08a3d33b18) Importer(815301076,1909f56bfc062723c751e8b465ee728b)
Start importing Assets/Prefab/Egg_Fruit_Apple.prefab using Guid(aa2a7197f38a3024ba87bc08a3d33b18) Importer(815301076,1909f56bfc062723c751e8b465ee728b)  -> (artifact id: '9de7c06f51ec033873234cfe000d1097') in 0.043827 seconds 
  Import took 0.058859 seconds .

========================================================================
Received Import Request.
  Time since last request: 0.000678 seconds.
  path: Assets/Prefab/Shanks_Base_model.prefab
  artifactKey: Guid(bd9d38326af44f54ca04eb0daf2edcfb) Importer(815301076,1909f56bfc062723c751e8b465ee728b)
Start importing Assets/Prefab/Shanks_Base_model.prefab using Guid(bd9d38326af44f54ca04eb0daf2edcfb) Importer(815301076,1909f56bfc062723c751e8b465ee728b)  -> (artifact id: '94ed7813229e4e5cafae145d3f41eebc') in 0.044240 seconds 
  Import took 0.069764 seconds .

========================================================================
Received Import Request.
  Time since last request: 0.000605 seconds.
  path: Assets/Prefab/Gate.prefab
  artifactKey: Guid(e0ff683e6d0afc744b04313781fa4bcc) Importer(815301076,1909f56bfc062723c751e8b465ee728b)
Start importing Assets/Prefab/Gate.prefab using Guid(e0ff683e6d0afc744b04313781fa4bcc) Importer(815301076,1909f56bfc062723c751e8b465ee728b)  -> (artifact id: 'b18a0493c600529d5eaeb128cdcb532c') in 0.049439 seconds 
  Import took 0.076345 seconds .

========================================================================
Received Import Request.
  Time since last request: 0.000747 seconds.
  path: Assets/Prefab/ButterFly.prefab
  artifactKey: Guid(dbf2c5e4e75f88f4fa48f195b4d88ea5) Importer(815301076,1909f56bfc062723c751e8b465ee728b)
Start importing Assets/Prefab/ButterFly.prefab using Guid(dbf2c5e4e75f88f4fa48f195b4d88ea5) Importer(815301076,1909f56bfc062723c751e8b465ee728b)  -> (artifact id: 'cf1ae3f111b1e0ce393ec7fbfe6ac9f1') in 0.138005 seconds 
  Import took 0.165309 seconds .

========================================================================
Received Import Request.
  Time since last request: 0.000479 seconds.
  path: Assets/Prefab/Ground 1 5.prefab
  artifactKey: Guid(91b5c96fca374064da6f4ce0d85e2cb9) Importer(815301076,1909f56bfc062723c751e8b465ee728b)
Start importing Assets/Prefab/Ground 1 5.prefab using Guid(91b5c96fca374064da6f4ce0d85e2cb9) Importer(815301076,1909f56bfc062723c751e8b465ee728b)  -> (artifact id: '90f5ce86fbb340fbcbaf4b270c198c97') in 0.066995 seconds 
  Import took 0.080741 seconds .

========================================================================
Received Import Request.
  Time since last request: 0.000387 seconds.
  path: Assets/Prefab/Ground 1.prefab
  artifactKey: Guid(73d4df38d03249c49b943e0e23df0c16) Importer(815301076,1909f56bfc062723c751e8b465ee728b)
Start importing Assets/Prefab/Ground 1.prefab using Guid(73d4df38d03249c49b943e0e23df0c16) Importer(815301076,1909f56bfc062723c751e8b465ee728b)  -> (artifact id: 'd949d9c60e39f21c2775674373f43b6e') in 0.073927 seconds 
  Import took 0.089805 seconds .

========================================================================
Received Import Request.
  Time since last request: 0.000253 seconds.
  path: Assets/Prefab/zemin 1 3.prefab
  artifactKey: Guid(0dc3c9ae926a8c248be1736db88525e5) Importer(815301076,1909f56bfc062723c751e8b465ee728b)
Start importing Assets/Prefab/zemin 1 3.prefab using Guid(0dc3c9ae926a8c248be1736db88525e5) Importer(815301076,1909f56bfc062723c751e8b465ee728b)  -> (artifact id: '1d06e43e4335221d1600f97cb1ccaf41') in 0.041666 seconds 
  Import took 0.057485 seconds .

========================================================================
Received Import Request.
  Time since last request: 0.000260 seconds.
  path: Assets/Prefab/SoccerBall.prefab
  artifactKey: Guid(889583ca73bdaed439ecfa4eba6fb285) Importer(815301076,1909f56bfc062723c751e8b465ee728b)
Start importing Assets/Prefab/SoccerBall.prefab using Guid(889583ca73bdaed439ecfa4eba6fb285) Importer(815301076,1909f56bfc062723c751e8b465ee728b)  -> (artifact id: 'c893c954a8a431c6c3b6cc58e3d59679') in 0.030939 seconds 
  Import took 0.043026 seconds .

========================================================================
Received Import Request.
  Time since last request: 0.000307 seconds.
  path: Assets/Prefab/Fruit_Apple.prefab
  artifactKey: Guid(114a30175a323a04392c67422c7cc18e) Importer(815301076,1909f56bfc062723c751e8b465ee728b)
Start importing Assets/Prefab/Fruit_Apple.prefab using Guid(114a30175a323a04392c67422c7cc18e) Importer(815301076,1909f56bfc062723c751e8b465ee728b)  -> (artifact id: '8c9ae15d932f90e4e5d0a2a80bda7ff5') in 0.034250 seconds 
  Import took 0.051130 seconds .

========================================================================
Received Import Request.
  Time since last request: 0.000403 seconds.
  path: Assets/Prefab/SpikeTrap.prefab
  artifactKey: Guid(3c9029ad676d2d141b811db5e946720c) Importer(815301076,1909f56bfc062723c751e8b465ee728b)
Start importing Assets/Prefab/SpikeTrap.prefab using Guid(3c9029ad676d2d141b811db5e946720c) Importer(815301076,1909f56bfc062723c751e8b465ee728b)  -> (artifact id: '82fd7b28af91f33b74fc0873f91c5482') in 0.025845 seconds 
  Import took 0.040896 seconds .

========================================================================
Received Import Request.
  Time since last request: 0.000384 seconds.
  path: Assets/Prefab/Fruit_Orange.prefab
  artifactKey: Guid(928d7519fd784eb428aa2188941e1425) Importer(815301076,1909f56bfc062723c751e8b465ee728b)
Start importing Assets/Prefab/Fruit_Orange.prefab using Guid(928d7519fd784eb428aa2188941e1425) Importer(815301076,1909f56bfc062723c751e8b465ee728b)  -> (artifact id: '076c6e451ed044d9fceca85324f8e1f8') in 0.033617 seconds 
  Import took 0.046582 seconds .

========================================================================
Received Import Request.
  Time since last request: 0.000334 seconds.
  path: Assets/Prefab/Ground 1 3.prefab
  artifactKey: Guid(a78cdd83878a4434baed5b18b8091614) Importer(815301076,1909f56bfc062723c751e8b465ee728b)
Start importing Assets/Prefab/Ground 1 3.prefab using Guid(a78cdd83878a4434baed5b18b8091614) Importer(815301076,1909f56bfc062723c751e8b465ee728b)  -> (artifact id: '50642a526fda5453677d97acb56154ac') in 0.056907 seconds 
  Import took 0.079636 seconds .

========================================================================
Received Import Request.
  Time since last request: 0.000615 seconds.
  path: Assets/Prefab/zemin 1.prefab
  artifactKey: Guid(efc8dc81cad76c64baa04a6eea894ef5) Importer(815301076,1909f56bfc062723c751e8b465ee728b)
Start importing Assets/Prefab/zemin 1.prefab using Guid(efc8dc81cad76c64baa04a6eea894ef5) Importer(815301076,1909f56bfc062723c751e8b465ee728b)  -> (artifact id: '80910bc7e82b4f4ffc98abc2a1e60c4d') in 0.049097 seconds 
  Import took 0.066051 seconds .

========================================================================
Received Import Request.
  Time since last request: 0.000324 seconds.
  path: Assets/Prefab/zemin 1 4.prefab
  artifactKey: Guid(5467c0892205eed4ca8f486cebdccca3) Importer(815301076,1909f56bfc062723c751e8b465ee728b)
Start importing Assets/Prefab/zemin 1 4.prefab using Guid(5467c0892205eed4ca8f486cebdccca3) Importer(815301076,1909f56bfc062723c751e8b465ee728b)  -> (artifact id: '14bf611629862be9c496ca1a52cb740e') in 0.069902 seconds 
  Import took 0.085894 seconds .

========================================================================
Received Prepare
Registering precompiled user dll's ...
Registered in 0.026729 seconds.
Begin MonoManager ReloadAssembly
Symbol file LoadedFromMemory doesn't match image C:\Users\emre\Desktop\Team45\OUAUnityTakim45\My project\Library\PackageCache\com.unity.visualscripting@1.7.2\Editor\VisualScripting.Core\Dependencies\YamlDotNet\Unity.VisualScripting.YamlDotNet.dll
Symbol file LoadedFromMemory doesn't match image C:\Users\emre\Desktop\Team45\OUAUnityTakim45\My project\Library\PackageCache\com.unity.visualscripting@1.7.2\Editor\VisualScripting.Core\Dependencies\DotNetZip\Unity.VisualScripting.IonicZip.dll
Native extension for WindowsStandalone target not found
Refreshing native plugins compatible for Editor in 1.70 ms, found 7 plugins.
Preloading 1 native plugins for Editor in 0.17 ms.
Mono: successfully reloaded assembly
- Completed reload, in  2.659 seconds
Domain Reload Profiling:
	ReloadAssembly (2661ms)
		BeginReloadAssembly (339ms)
			ExecutionOrderSort (0ms)
			DisableScriptedObjects (20ms)
			BackupInstance (0ms)
			ReleaseScriptingObjects (0ms)
			CreateAndSetChildDomain (150ms)
		EndReloadAssembly (2105ms)
			LoadAssemblies (316ms)
			RebuildTransferFunctionScriptingTraits (0ms)
			SetupTypeCache (727ms)
			ReleaseScriptCaches (3ms)
			RebuildScriptCaches (85ms)
			SetupLoadedEditorAssemblies (771ms)
				LogAssemblyErrors (0ms)
				InitializePlatformSupportModulesInManaged (7ms)
				SetLoadedEditorAssemblies (1ms)
				RefreshPlugins (2ms)
				BeforeProcessingInitializeOnLoad (189ms)
				ProcessInitializeOnLoadAttributes (544ms)
				ProcessInitializeOnLoadMethodAttributes (17ms)
				AfterProcessingInitializeOnLoad (11ms)
				EditorAssembliesLoaded (0ms)
			ExecutionOrderSort2 (0ms)
			AwakeInstancesAfterBackupRestoration (10ms)
Platform modules already initialized, skipping
Refreshing native plugins compatible for Editor in 1.68 ms, found 7 plugins.
Preloading 1 native plugins for Editor in 0.17 ms.
Unloading 4125 Unused Serialized files (Serialized files now loaded: 0)
System memory in use before: 149.5 MB.
System memory in use after: 149.7 MB.

Unloading 27 unused Assets to reduce memory usage. Loaded Objects now: 4606.
Total: 5.752200 ms (FindLiveObjects: 0.309000 ms CreateObjectMapping: 0.175700 ms MarkObjects: 5.218300 ms  DeleteObjects: 0.047400 ms)

AssetImportParameters requested are different than current active one (requested -> active):
  custom:framework-win-MediaFoundation: 216162199b28c13a410421893ffa2e32 -> 
  custom:video-decoder-ogg-theora: a1e56fd34408186e4bbccfd4996cb3dc -> 
  custom:container-muxer-webm: aa71ff27fc2769a1b78a27578f13a17b -> 
  custom:container-demuxer-webm: 4f35f7cbe854078d1ac9338744f61a02 -> 
  custom:container-demuxer-ogg: 62fdf1f143b41e24485cea50d1cbac27 -> 
  custom:video-encoder-webm-vp8: eb34c28f22e8b96e1ab97ce403110664 -> 
  custom:video-decoder-webm-vp8: 9c59270c3fd7afecdb556c50c9e8de78 -> 
  custom:audio-decoder-ogg-vorbis: bf7c407c2cedff20999df2af8eb42d56 -> 
  custom:audio-encoder-webm-vorbis: bf7c407c2cedff20999df2af8eb42d56 -> 
========================================================================
Received Prepare
Registering precompiled user dll's ...
Registered in 0.016278 seconds.
Begin MonoManager ReloadAssembly
Symbol file LoadedFromMemory doesn't match image C:\Users\emre\Desktop\Team45\OUAUnityTakim45\My project\Library\PackageCache\com.unity.visualscripting@1.7.2\Editor\VisualScripting.Core\Dependencies\YamlDotNet\Unity.VisualScripting.YamlDotNet.dll
Symbol file LoadedFromMemory doesn't match image C:\Users\emre\Desktop\Team45\OUAUnityTakim45\My project\Library\PackageCache\com.unity.visualscripting@1.7.2\Editor\VisualScripting.Core\Dependencies\DotNetZip\Unity.VisualScripting.IonicZip.dll
Native extension for WindowsStandalone target not found
Refreshing native plugins compatible for Editor in 1.22 ms, found 7 plugins.
Preloading 1 native plugins for Editor in 0.11 ms.
Mono: successfully reloaded assembly
- Completed reload, in  2.507 seconds
Domain Reload Profiling:
	ReloadAssembly (2507ms)
		BeginReloadAssembly (172ms)
			ExecutionOrderSort (0ms)
			DisableScriptedObjects (6ms)
			BackupInstance (0ms)
			ReleaseScriptingObjects (0ms)
			CreateAndSetChildDomain (56ms)
		EndReloadAssembly (2205ms)
			LoadAssemblies (176ms)
			RebuildTransferFunctionScriptingTraits (0ms)
			SetupTypeCache (1006ms)
			ReleaseScriptCaches (2ms)
			RebuildScriptCaches (84ms)
			SetupLoadedEditorAssemblies (717ms)
				LogAssemblyErrors (0ms)
				InitializePlatformSupportModulesInManaged (6ms)
				SetLoadedEditorAssemblies (1ms)
				RefreshPlugins (1ms)
				BeforeProcessingInitializeOnLoad (172ms)
				ProcessInitializeOnLoadAttributes (512ms)
				ProcessInitializeOnLoadMethodAttributes (14ms)
				AfterProcessingInitializeOnLoad (10ms)
				EditorAssembliesLoaded (0ms)
			ExecutionOrderSort2 (0ms)
			AwakeInstancesAfterBackupRestoration (9ms)
Platform modules already initialized, skipping
Refreshing native plugins compatible for Editor in 1.51 ms, found 7 plugins.
Preloading 1 native plugins for Editor in 0.14 ms.
Unloading 4125 Unused Serialized files (Serialized files now loaded: 0)
System memory in use before: 149.6 MB.
System memory in use after: 149.8 MB.

Unloading 25 unused Assets to reduce memory usage. Loaded Objects now: 4620.
Total: 7.857000 ms (FindLiveObjects: 0.542600 ms CreateObjectMapping: 0.277900 ms MarkObjects: 6.973700 ms  DeleteObjects: 0.059200 ms)

AssetImportParameters requested are different than current active one (requested -> active):
  custom:framework-win-MediaFoundation: 216162199b28c13a410421893ffa2e32 -> 
  custom:video-decoder-ogg-theora: a1e56fd34408186e4bbccfd4996cb3dc -> 
  custom:container-muxer-webm: aa71ff27fc2769a1b78a27578f13a17b -> 
  custom:container-demuxer-webm: 4f35f7cbe854078d1ac9338744f61a02 -> 
  custom:container-demuxer-ogg: 62fdf1f143b41e24485cea50d1cbac27 -> 
  custom:video-encoder-webm-vp8: eb34c28f22e8b96e1ab97ce403110664 -> 
  custom:video-decoder-webm-vp8: 9c59270c3fd7afecdb556c50c9e8de78 -> 
  custom:audio-decoder-ogg-vorbis: bf7c407c2cedff20999df2af8eb42d56 -> 
  custom:audio-encoder-webm-vorbis: bf7c407c2cedff20999df2af8eb42d56 -> 
========================================================================
Received Import Request.
  Time since last request: 164.964222 seconds.
  path: Assets/Scenes/enviroment_scene.unity
  artifactKey: Guid(30b390ea142c14fd1941962950e2679e) Importer(815301076,1909f56bfc062723c751e8b465ee728b)
Start importing Assets/Scenes/enviroment_scene.unity using Guid(30b390ea142c14fd1941962950e2679e) Importer(815301076,1909f56bfc062723c751e8b465ee728b)  -> (artifact id: 'd4dd80bfe04f7a84e9888b497a57eb5a') in 0.021839 seconds 
  Import took 0.033134 seconds .

AssetImportWorkerClient::OnTransportError - code=2 error=End of file
